2024-07-12T08:07:45.914-03:00  INFO 84104 --- [users-ws] [restartedMain] c.ricky.api.user.ApiUserApplicationKt    : Starting ApiUserApplicationKt using Java 17.0.11 with PID 84104 (C:\code\programacao\java\microservices\microservices\ApiUser\target\classes started by rlyow in C:\code\programacao\java\microservices\microservices)
2024-07-12T08:07:45.925-03:00  INFO 84104 --- [users-ws] [restartedMain] c.ricky.api.user.ApiUserApplicationKt    : No active profile set, falling back to 1 default profile: "default"
2024-07-12T08:07:46.160-03:00  INFO 84104 --- [users-ws] [restartedMain] .e.DevToolsPropertyDefaultsPostProcessor : Devtools property defaults active! Set 'spring.devtools.add-properties' to 'false' to disable
2024-07-12T08:07:46.160-03:00  INFO 84104 --- [users-ws] [restartedMain] .e.DevToolsPropertyDefaultsPostProcessor : For additional web related logging consider setting the 'logging.level.web' property to 'DEBUG'
2024-07-12T08:07:49.359-03:00  INFO 84104 --- [users-ws] [restartedMain] o.s.cloud.context.scope.GenericScope     : BeanFactory id=3640045e-dcc7-32a3-8823-bc89c8ff035f
2024-07-12T08:07:49.512-03:00  WARN 84104 --- [users-ws] [restartedMain] trationDelegate$BeanPostProcessorChecker : Bean 'org.springframework.cloud.client.loadbalancer.LoadBalancerAutoConfiguration$DeferringLoadBalancerInterceptorConfig' of type [org.springframework.cloud.client.loadbalancer.LoadBalancerAutoConfiguration$DeferringLoadBalancerInterceptorConfig] is not eligible for getting processed by all BeanPostProcessors (for example: not eligible for auto-proxying). The currently created BeanPostProcessor [lbRestClientPostProcessor] is declared through a non-static factory method on that class; consider declaring it as static instead.
2024-07-12T08:07:49.529-03:00  WARN 84104 --- [users-ws] [restartedMain] trationDelegate$BeanPostProcessorChecker : Bean 'deferringLoadBalancerInterceptor' of type [org.springframework.cloud.client.loadbalancer.DeferringLoadBalancerInterceptor] is not eligible for getting processed by all BeanPostProcessors (for example: not eligible for auto-proxying). Is this bean getting eagerly injected into a currently created BeanPostProcessor [lbRestClientPostProcessor]? Check the corresponding BeanPostProcessor declaration and its dependencies.
2024-07-12T08:07:51.050-03:00  INFO 84104 --- [users-ws] [restartedMain] o.s.b.w.embedded.tomcat.TomcatWebServer  : Tomcat initialized with port 8011 (http)
2024-07-12T08:07:51.088-03:00  INFO 84104 --- [users-ws] [restartedMain] o.apache.catalina.core.StandardService   : Starting service [Tomcat]
2024-07-12T08:07:51.089-03:00  INFO 84104 --- [users-ws] [restartedMain] o.apache.catalina.core.StandardEngine    : Starting Servlet engine: [Apache Tomcat/10.1.25]
2024-07-12T08:07:51.308-03:00  INFO 84104 --- [users-ws] [restartedMain] o.a.c.c.C.[Tomcat].[localhost].[/]       : Initializing Spring embedded WebApplicationContext
2024-07-12T08:07:51.310-03:00  INFO 84104 --- [users-ws] [restartedMain] w.s.c.ServletWebServerApplicationContext : Root WebApplicationContext: initialization completed in 5130 ms
2024-07-12T08:07:53.424-03:00  INFO 84104 --- [users-ws] [restartedMain] o.s.b.d.a.OptionalLiveReloadServer       : LiveReload server is running on port 35729
2024-07-12T08:07:54.285-03:00  INFO 84104 --- [users-ws] [restartedMain] DiscoveryClientOptionalArgsConfiguration : Eureka HTTP Client uses RestTemplate.
2024-07-12T08:07:54.413-03:00  WARN 84104 --- [users-ws] [restartedMain] iguration$LoadBalancerCaffeineWarnLogger : Spring Cloud LoadBalancer is currently working with the default cache. While this cache implementation is useful for development and tests, it's recommended to use Caffeine cache in production.You can switch to using Caffeine cache, by adding it and org.springframework.cache.caffeine.CaffeineCacheManager to the classpath.
2024-07-12T08:07:54.508-03:00  INFO 84104 --- [users-ws] [restartedMain] o.s.c.n.eureka.InstanceInfoFactory       : Setting initial instance status as: STARTING
2024-07-12T08:07:54.777-03:00  INFO 84104 --- [users-ws] [restartedMain] com.netflix.discovery.DiscoveryClient    : Initializing Eureka in region us-east-1
2024-07-12T08:07:54.791-03:00  INFO 84104 --- [users-ws] [restartedMain] c.n.d.s.r.aws.ConfigClusterResolver      : Resolving eureka endpoints via configuration
2024-07-12T08:07:54.875-03:00  INFO 84104 --- [users-ws] [restartedMain] com.netflix.discovery.DiscoveryClient    : Disable delta property : false
2024-07-12T08:07:54.876-03:00  INFO 84104 --- [users-ws] [restartedMain] com.netflix.discovery.DiscoveryClient    : Single vip registry refresh property : null
2024-07-12T08:07:54.876-03:00  INFO 84104 --- [users-ws] [restartedMain] com.netflix.discovery.DiscoveryClient    : Force full registry fetch : false
2024-07-12T08:07:54.876-03:00  INFO 84104 --- [users-ws] [restartedMain] com.netflix.discovery.DiscoveryClient    : Application is null : false
2024-07-12T08:07:54.877-03:00  INFO 84104 --- [users-ws] [restartedMain] com.netflix.discovery.DiscoveryClient    : Registered Applications size is zero : true
2024-07-12T08:07:54.877-03:00  INFO 84104 --- [users-ws] [restartedMain] com.netflix.discovery.DiscoveryClient    : Application version is -1: true
2024-07-12T08:07:54.877-03:00  INFO 84104 --- [users-ws] [restartedMain] com.netflix.discovery.DiscoveryClient    : Getting all instance registry info from the eureka server
2024-07-12T08:07:56.882-03:00  INFO 84104 --- [users-ws] [restartedMain] com.netflix.discovery.DiscoveryClient    : The response status is 200
2024-07-12T08:07:56.891-03:00  INFO 84104 --- [users-ws] [restartedMain] com.netflix.discovery.DiscoveryClient    : Starting heartbeat executor: renew interval is: 30
2024-07-12T08:07:56.899-03:00  INFO 84104 --- [users-ws] [restartedMain] c.n.discovery.InstanceInfoReplicator     : InstanceInfoReplicator onDemand update allowed rate per min is 4
2024-07-12T08:07:56.917-03:00  INFO 84104 --- [users-ws] [restartedMain] com.netflix.discovery.DiscoveryClient    : Discovery Client initialized at timestamp 1720782476914 with initial instances count: 0
2024-07-12T08:07:56.921-03:00  INFO 84104 --- [users-ws] [restartedMain] o.s.c.n.e.s.EurekaServiceRegistry        : Registering application USERS-WS with eureka with status UP
2024-07-12T08:07:56.924-03:00  INFO 84104 --- [users-ws] [restartedMain] com.netflix.discovery.DiscoveryClient    : Saw local status change event StatusChangeEvent [timestamp=1720782476923, current=UP, previous=STARTING]
2024-07-12T08:07:56.930-03:00  INFO 84104 --- [users-ws] [DiscoveryClient-InstanceInfoReplicator-0] com.netflix.discovery.DiscoveryClient    : DiscoveryClient_USERS-WS/LAPTOP-Q1LA5JCJ:users-ws:8011: registering service...
2024-07-12T08:07:57.004-03:00  INFO 84104 --- [users-ws] [restartedMain] o.s.b.w.embedded.tomcat.TomcatWebServer  : Tomcat started on port 8011 (http) with context path '/'
2024-07-12T08:07:57.009-03:00  INFO 84104 --- [users-ws] [restartedMain] .s.c.n.e.s.EurekaAutoServiceRegistration : Updating port to 8011
2024-07-12T08:07:57.479-03:00  INFO 84104 --- [users-ws] [DiscoveryClient-InstanceInfoReplicator-0] com.netflix.discovery.DiscoveryClient    : DiscoveryClient_USERS-WS/LAPTOP-Q1LA5JCJ:users-ws:8011 - registration status: 204
2024-07-12T08:07:57.514-03:00  INFO 84104 --- [users-ws] [restartedMain] c.ricky.api.user.ApiUserApplicationKt    : Started ApiUserApplicationKt in 14.117 seconds (process running for 16.078)
2024-07-12T08:08:26.901-03:00  INFO 84104 --- [users-ws] [DiscoveryClient-CacheRefreshExecutor-0] com.netflix.discovery.DiscoveryClient    : Disable delta property : false
2024-07-12T08:08:26.902-03:00  INFO 84104 --- [users-ws] [DiscoveryClient-CacheRefreshExecutor-0] com.netflix.discovery.DiscoveryClient    : Single vip registry refresh property : null
2024-07-12T08:08:26.902-03:00  INFO 84104 --- [users-ws] [DiscoveryClient-CacheRefreshExecutor-0] com.netflix.discovery.DiscoveryClient    : Force full registry fetch : false
2024-07-12T08:08:26.902-03:00  INFO 84104 --- [users-ws] [DiscoveryClient-CacheRefreshExecutor-0] com.netflix.discovery.DiscoveryClient    : Application is null : false
2024-07-12T08:08:26.903-03:00  INFO 84104 --- [users-ws] [DiscoveryClient-CacheRefreshExecutor-0] com.netflix.discovery.DiscoveryClient    : Registered Applications size is zero : true
2024-07-12T08:08:26.903-03:00  INFO 84104 --- [users-ws] [DiscoveryClient-CacheRefreshExecutor-0] com.netflix.discovery.DiscoveryClient    : Application version is -1: false
2024-07-12T08:08:26.903-03:00  INFO 84104 --- [users-ws] [DiscoveryClient-CacheRefreshExecutor-0] com.netflix.discovery.DiscoveryClient    : Getting all instance registry info from the eureka server
2024-07-12T08:08:26.959-03:00  INFO 84104 --- [users-ws] [DiscoveryClient-CacheRefreshExecutor-0] com.netflix.discovery.DiscoveryClient    : The response status is 200
2024-07-12T08:08:28.016-03:00  INFO 74312 --- [api-gateway] [main] c.r.api.gateway.ApiGatewayApplicationKt  : Starting ApiGatewayApplicationKt using Java 17.0.11 with PID 74312 (C:\code\programacao\java\microservices\microservices\ApiGateway\target\classes started by rlyow in C:\code\programacao\java\microservices\microservices)
2024-07-12T08:08:28.022-03:00  INFO 74312 --- [api-gateway] [main] c.r.api.gateway.ApiGatewayApplicationKt  : No active profile set, falling back to 1 default profile: "default"
2024-07-12T08:08:30.285-03:00  INFO 74312 --- [api-gateway] [main] o.s.cloud.context.scope.GenericScope     : BeanFactory id=8b270e3e-ba70-359d-852d-586d1f3f4e78
2024-07-12T08:08:30.425-03:00  WARN 74312 --- [api-gateway] [main] trationDelegate$BeanPostProcessorChecker : Bean 'org.springframework.cloud.client.loadbalancer.LoadBalancerAutoConfiguration$DeferringLoadBalancerInterceptorConfig' of type [org.springframework.cloud.client.loadbalancer.LoadBalancerAutoConfiguration$DeferringLoadBalancerInterceptorConfig] is not eligible for getting processed by all BeanPostProcessors (for example: not eligible for auto-proxying). The currently created BeanPostProcessor [lbRestClientPostProcessor] is declared through a non-static factory method on that class; consider declaring it as static instead.
2024-07-12T08:08:30.430-03:00  WARN 74312 --- [api-gateway] [main] trationDelegate$BeanPostProcessorChecker : Bean 'deferringLoadBalancerInterceptor' of type [org.springframework.cloud.client.loadbalancer.DeferringLoadBalancerInterceptor] is not eligible for getting processed by all BeanPostProcessors (for example: not eligible for auto-proxying). Is this bean getting eagerly injected into a currently created BeanPostProcessor [lbRestClientPostProcessor]? Check the corresponding BeanPostProcessor declaration and its dependencies.
2024-07-12T08:08:30.432-03:00  WARN 74312 --- [api-gateway] [main] trationDelegate$BeanPostProcessorChecker : Bean 'org.springframework.cloud.client.loadbalancer.reactive.LoadBalancerBeanPostProcessorAutoConfiguration' of type [org.springframework.cloud.client.loadbalancer.reactive.LoadBalancerBeanPostProcessorAutoConfiguration] is not eligible for getting processed by all BeanPostProcessors (for example: not eligible for auto-proxying). The currently created BeanPostProcessor [loadBalancerWebClientBuilderBeanPostProcessor] is declared through a non-static factory method on that class; consider declaring it as static instead.
2024-07-12T08:08:30.434-03:00  WARN 74312 --- [api-gateway] [main] trationDelegate$BeanPostProcessorChecker : Bean 'org.springframework.cloud.client.loadbalancer.reactive.LoadBalancerBeanPostProcessorAutoConfiguration$ReactorDeferringLoadBalancerFilterConfig' of type [org.springframework.cloud.client.loadbalancer.reactive.LoadBalancerBeanPostProcessorAutoConfiguration$ReactorDeferringLoadBalancerFilterConfig] is not eligible for getting processed by all BeanPostProcessors (for example: not eligible for auto-proxying). Is this bean getting eagerly injected into a currently created BeanPostProcessor [loadBalancerWebClientBuilderBeanPostProcessor]? Check the corresponding BeanPostProcessor declaration and its dependencies.
2024-07-12T08:08:30.437-03:00  WARN 74312 --- [api-gateway] [main] trationDelegate$BeanPostProcessorChecker : Bean 'reactorDeferringLoadBalancerExchangeFilterFunction' of type [org.springframework.cloud.client.loadbalancer.reactive.DeferringLoadBalancerExchangeFilterFunction] is not eligible for getting processed by all BeanPostProcessors (for example: not eligible for auto-proxying). Is this bean getting eagerly injected into a currently created BeanPostProcessor [loadBalancerWebClientBuilderBeanPostProcessor]? Check the corresponding BeanPostProcessor declaration and its dependencies.
2024-07-12T08:08:30.946-03:00  INFO 74312 --- [api-gateway] [main] o.s.b.w.embedded.tomcat.TomcatWebServer  : Tomcat initialized with port 8082 (http)
2024-07-12T08:08:30.966-03:00  INFO 74312 --- [api-gateway] [main] o.apache.catalina.core.StandardService   : Starting service [Tomcat]
2024-07-12T08:08:30.967-03:00  INFO 74312 --- [api-gateway] [main] o.apache.catalina.core.StandardEngine    : Starting Servlet engine: [Apache Tomcat/10.1.25]
2024-07-12T08:08:31.123-03:00  INFO 74312 --- [api-gateway] [main] o.a.c.c.C.[Tomcat].[localhost].[/]       : Initializing Spring embedded WebApplicationContext
2024-07-12T08:08:31.123-03:00  INFO 74312 --- [api-gateway] [main] w.s.c.ServletWebServerApplicationContext : Root WebApplicationContext: initialization completed in 2963 ms
2024-07-12T08:08:32.861-03:00  INFO 74312 --- [api-gateway] [main] DiscoveryClientOptionalArgsConfiguration : Eureka HTTP Client uses RestTemplate.
2024-07-12T08:08:33.290-03:00  WARN 74312 --- [api-gateway] [main] iguration$LoadBalancerCaffeineWarnLogger : Spring Cloud LoadBalancer is currently working with the default cache. While this cache implementation is useful for development and tests, it's recommended to use Caffeine cache in production.You can switch to using Caffeine cache, by adding it and org.springframework.cache.caffeine.CaffeineCacheManager to the classpath.
2024-07-12T08:08:33.442-03:00  INFO 74312 --- [api-gateway] [main] o.s.c.n.eureka.InstanceInfoFactory       : Setting initial instance status as: STARTING
2024-07-12T08:08:33.605-03:00  INFO 74312 --- [api-gateway] [main] com.netflix.discovery.DiscoveryClient    : Initializing Eureka in region us-east-1
2024-07-12T08:08:33.617-03:00  INFO 74312 --- [api-gateway] [main] c.n.d.s.r.aws.ConfigClusterResolver      : Resolving eureka endpoints via configuration
2024-07-12T08:08:33.667-03:00  INFO 74312 --- [api-gateway] [main] com.netflix.discovery.DiscoveryClient    : Disable delta property : false
2024-07-12T08:08:33.668-03:00  INFO 74312 --- [api-gateway] [main] com.netflix.discovery.DiscoveryClient    : Single vip registry refresh property : null
2024-07-12T08:08:33.668-03:00  INFO 74312 --- [api-gateway] [main] com.netflix.discovery.DiscoveryClient    : Force full registry fetch : false
2024-07-12T08:08:33.668-03:00  INFO 74312 --- [api-gateway] [main] com.netflix.discovery.DiscoveryClient    : Application is null : false
2024-07-12T08:08:33.668-03:00  INFO 74312 --- [api-gateway] [main] com.netflix.discovery.DiscoveryClient    : Registered Applications size is zero : true
2024-07-12T08:08:33.668-03:00  INFO 74312 --- [api-gateway] [main] com.netflix.discovery.DiscoveryClient    : Application version is -1: true
2024-07-12T08:08:33.668-03:00  INFO 74312 --- [api-gateway] [main] com.netflix.discovery.DiscoveryClient    : Getting all instance registry info from the eureka server
2024-07-12T08:08:34.129-03:00  INFO 74312 --- [api-gateway] [main] com.netflix.discovery.DiscoveryClient    : The response status is 200
2024-07-12T08:08:34.134-03:00  INFO 74312 --- [api-gateway] [main] com.netflix.discovery.DiscoveryClient    : Starting heartbeat executor: renew interval is: 30
2024-07-12T08:08:34.138-03:00  INFO 74312 --- [api-gateway] [main] c.n.discovery.InstanceInfoReplicator     : InstanceInfoReplicator onDemand update allowed rate per min is 4
2024-07-12T08:08:34.149-03:00  INFO 74312 --- [api-gateway] [main] com.netflix.discovery.DiscoveryClient    : Discovery Client initialized at timestamp 1720782514148 with initial instances count: 1
2024-07-12T08:08:34.152-03:00  INFO 74312 --- [api-gateway] [main] o.s.c.n.e.s.EurekaServiceRegistry        : Registering application API-GATEWAY with eureka with status UP
2024-07-12T08:08:34.154-03:00  INFO 74312 --- [api-gateway] [main] com.netflix.discovery.DiscoveryClient    : Saw local status change event StatusChangeEvent [timestamp=1720782514154, current=UP, previous=STARTING]
2024-07-12T08:08:34.158-03:00  INFO 74312 --- [api-gateway] [DiscoveryClient-InstanceInfoReplicator-0] com.netflix.discovery.DiscoveryClient    : DiscoveryClient_API-GATEWAY/LAPTOP-Q1LA5JCJ:api-gateway:8082: registering service...
2024-07-12T08:08:34.179-03:00  INFO 74312 --- [api-gateway] [main] o.s.b.w.embedded.tomcat.TomcatWebServer  : Tomcat started on port 8082 (http) with context path '/'
2024-07-12T08:08:34.181-03:00  INFO 74312 --- [api-gateway] [main] .s.c.n.e.s.EurekaAutoServiceRegistration : Updating port to 8082
2024-07-12T08:08:34.228-03:00  INFO 74312 --- [api-gateway] [DiscoveryClient-InstanceInfoReplicator-0] com.netflix.discovery.DiscoveryClient    : DiscoveryClient_API-GATEWAY/LAPTOP-Q1LA5JCJ:api-gateway:8082 - registration status: 204
2024-07-12T08:08:34.555-03:00  INFO 74312 --- [api-gateway] [main] c.r.api.gateway.ApiGatewayApplicationKt  : Started ApiGatewayApplicationKt in 7.814 seconds (process running for 8.67)
2024-07-12T08:10:38.744-03:00  INFO 84104 --- [users-ws] [SpringApplicationShutdownHook] o.s.c.n.e.s.EurekaServiceRegistry        : Unregistering application USERS-WS with eureka with status DOWN
2024-07-12T08:10:38.745-03:00  INFO 84104 --- [users-ws] [SpringApplicationShutdownHook] com.netflix.discovery.DiscoveryClient    : Saw local status change event StatusChangeEvent [timestamp=1720782638745, current=DOWN, previous=UP]
2024-07-12T08:10:38.746-03:00  INFO 84104 --- [users-ws] [DiscoveryClient-InstanceInfoReplicator-0] com.netflix.discovery.DiscoveryClient    : DiscoveryClient_USERS-WS/LAPTOP-Q1LA5JCJ:users-ws:8011: registering service...
2024-07-12T08:10:38.765-03:00  INFO 84104 --- [users-ws] [DiscoveryClient-InstanceInfoReplicator-0] com.netflix.discovery.DiscoveryClient    : DiscoveryClient_USERS-WS/LAPTOP-Q1LA5JCJ:users-ws:8011 - registration status: 204
2024-07-12T08:10:38.868-03:00  INFO 84104 --- [users-ws] [SpringApplicationShutdownHook] com.netflix.discovery.DiscoveryClient    : Shutting down DiscoveryClient ...
2024-07-12T08:10:41.873-03:00  INFO 84104 --- [users-ws] [SpringApplicationShutdownHook] com.netflix.discovery.DiscoveryClient    : Unregistering ...
2024-07-12T08:10:41.892-03:00  INFO 84104 --- [users-ws] [SpringApplicationShutdownHook] com.netflix.discovery.DiscoveryClient    : DiscoveryClient_USERS-WS/LAPTOP-Q1LA5JCJ:users-ws:8011 - deregister  status: 200
2024-07-12T08:10:41.900-03:00  INFO 84104 --- [users-ws] [SpringApplicationShutdownHook] com.netflix.discovery.DiscoveryClient    : Completed shut down of DiscoveryClient
2024-07-12T08:10:46.753-03:00  INFO 66700 --- [users-ws] [restartedMain] c.ricky.api.user.ApiUserApplicationKt    : Starting ApiUserApplicationKt using Java 17.0.11 with PID 66700 (C:\code\programacao\java\microservices\microservices\ApiUser\target\classes started by rlyow in C:\code\programacao\java\microservices\microservices)
2024-07-12T08:10:46.759-03:00  INFO 66700 --- [users-ws] [restartedMain] c.ricky.api.user.ApiUserApplicationKt    : No active profile set, falling back to 1 default profile: "default"
2024-07-12T08:10:46.926-03:00  INFO 66700 --- [users-ws] [restartedMain] .e.DevToolsPropertyDefaultsPostProcessor : Devtools property defaults active! Set 'spring.devtools.add-properties' to 'false' to disable
2024-07-12T08:10:46.927-03:00  INFO 66700 --- [users-ws] [restartedMain] .e.DevToolsPropertyDefaultsPostProcessor : For additional web related logging consider setting the 'logging.level.web' property to 'DEBUG'
2024-07-12T08:10:48.933-03:00  INFO 66700 --- [users-ws] [restartedMain] o.s.cloud.context.scope.GenericScope     : BeanFactory id=3640045e-dcc7-32a3-8823-bc89c8ff035f
2024-07-12T08:10:49.015-03:00  WARN 66700 --- [users-ws] [restartedMain] trationDelegate$BeanPostProcessorChecker : Bean 'org.springframework.cloud.client.loadbalancer.LoadBalancerAutoConfiguration$DeferringLoadBalancerInterceptorConfig' of type [org.springframework.cloud.client.loadbalancer.LoadBalancerAutoConfiguration$DeferringLoadBalancerInterceptorConfig] is not eligible for getting processed by all BeanPostProcessors (for example: not eligible for auto-proxying). The currently created BeanPostProcessor [lbRestClientPostProcessor] is declared through a non-static factory method on that class; consider declaring it as static instead.
2024-07-12T08:10:49.023-03:00  WARN 66700 --- [users-ws] [restartedMain] trationDelegate$BeanPostProcessorChecker : Bean 'deferringLoadBalancerInterceptor' of type [org.springframework.cloud.client.loadbalancer.DeferringLoadBalancerInterceptor] is not eligible for getting processed by all BeanPostProcessors (for example: not eligible for auto-proxying). Is this bean getting eagerly injected into a currently created BeanPostProcessor [lbRestClientPostProcessor]? Check the corresponding BeanPostProcessor declaration and its dependencies.
2024-07-12T08:10:49.813-03:00  INFO 66700 --- [users-ws] [restartedMain] o.s.b.w.embedded.tomcat.TomcatWebServer  : Tomcat initialized with port 0 (http)
2024-07-12T08:10:49.833-03:00  INFO 66700 --- [users-ws] [restartedMain] o.apache.catalina.core.StandardService   : Starting service [Tomcat]
2024-07-12T08:10:49.834-03:00  INFO 66700 --- [users-ws] [restartedMain] o.apache.catalina.core.StandardEngine    : Starting Servlet engine: [Apache Tomcat/10.1.25]
2024-07-12T08:10:49.941-03:00  INFO 66700 --- [users-ws] [restartedMain] o.a.c.c.C.[Tomcat].[localhost].[/]       : Initializing Spring embedded WebApplicationContext
2024-07-12T08:10:49.941-03:00  INFO 66700 --- [users-ws] [restartedMain] w.s.c.ServletWebServerApplicationContext : Root WebApplicationContext: initialization completed in 3013 ms
2024-07-12T08:10:51.178-03:00  INFO 66700 --- [users-ws] [restartedMain] o.s.b.d.a.OptionalLiveReloadServer       : LiveReload server is running on port 35729
2024-07-12T08:10:51.654-03:00  INFO 66700 --- [users-ws] [restartedMain] DiscoveryClientOptionalArgsConfiguration : Eureka HTTP Client uses RestTemplate.
2024-07-12T08:10:51.736-03:00  WARN 66700 --- [users-ws] [restartedMain] iguration$LoadBalancerCaffeineWarnLogger : Spring Cloud LoadBalancer is currently working with the default cache. While this cache implementation is useful for development and tests, it's recommended to use Caffeine cache in production.You can switch to using Caffeine cache, by adding it and org.springframework.cache.caffeine.CaffeineCacheManager to the classpath.
2024-07-12T08:10:51.824-03:00  INFO 66700 --- [users-ws] [restartedMain] o.s.b.w.embedded.tomcat.TomcatWebServer  : Tomcat started on port 54104 (http) with context path '/'
2024-07-12T08:10:51.828-03:00  INFO 66700 --- [users-ws] [restartedMain] .s.c.n.e.s.EurekaAutoServiceRegistration : Updating port to 54104
2024-07-12T08:10:51.841-03:00  INFO 66700 --- [users-ws] [restartedMain] o.s.c.n.eureka.InstanceInfoFactory       : Setting initial instance status as: STARTING
2024-07-12T08:10:52.054-03:00  INFO 66700 --- [users-ws] [restartedMain] com.netflix.discovery.DiscoveryClient    : Initializing Eureka in region us-east-1
2024-07-12T08:10:52.069-03:00  INFO 66700 --- [users-ws] [restartedMain] c.n.d.s.r.aws.ConfigClusterResolver      : Resolving eureka endpoints via configuration
2024-07-12T08:10:52.130-03:00  INFO 66700 --- [users-ws] [restartedMain] com.netflix.discovery.DiscoveryClient    : Disable delta property : false
2024-07-12T08:10:52.130-03:00  INFO 66700 --- [users-ws] [restartedMain] com.netflix.discovery.DiscoveryClient    : Single vip registry refresh property : null
2024-07-12T08:10:52.130-03:00  INFO 66700 --- [users-ws] [restartedMain] com.netflix.discovery.DiscoveryClient    : Force full registry fetch : false
2024-07-12T08:10:52.130-03:00  INFO 66700 --- [users-ws] [restartedMain] com.netflix.discovery.DiscoveryClient    : Application is null : false
2024-07-12T08:10:52.132-03:00  INFO 66700 --- [users-ws] [restartedMain] com.netflix.discovery.DiscoveryClient    : Registered Applications size is zero : true
2024-07-12T08:10:52.132-03:00  INFO 66700 --- [users-ws] [restartedMain] com.netflix.discovery.DiscoveryClient    : Application version is -1: true
2024-07-12T08:10:52.132-03:00  INFO 66700 --- [users-ws] [restartedMain] com.netflix.discovery.DiscoveryClient    : Getting all instance registry info from the eureka server
2024-07-12T08:10:52.940-03:00  INFO 66700 --- [users-ws] [restartedMain] com.netflix.discovery.DiscoveryClient    : The response status is 200
2024-07-12T08:10:52.943-03:00  INFO 66700 --- [users-ws] [restartedMain] com.netflix.discovery.DiscoveryClient    : Starting heartbeat executor: renew interval is: 30
2024-07-12T08:10:52.947-03:00  INFO 66700 --- [users-ws] [restartedMain] c.n.discovery.InstanceInfoReplicator     : InstanceInfoReplicator onDemand update allowed rate per min is 4
2024-07-12T08:10:52.955-03:00  INFO 66700 --- [users-ws] [restartedMain] com.netflix.discovery.DiscoveryClient    : Discovery Client initialized at timestamp 1720782652954 with initial instances count: 2
2024-07-12T08:10:52.958-03:00  INFO 66700 --- [users-ws] [restartedMain] o.s.c.n.e.s.EurekaServiceRegistry        : Registering application USERS-WS with eureka with status UP
2024-07-12T08:10:52.959-03:00  INFO 66700 --- [users-ws] [restartedMain] com.netflix.discovery.DiscoveryClient    : Saw local status change event StatusChangeEvent [timestamp=1720782652958, current=UP, previous=STARTING]
2024-07-12T08:10:52.961-03:00  INFO 66700 --- [users-ws] [DiscoveryClient-InstanceInfoReplicator-0] com.netflix.discovery.DiscoveryClient    : DiscoveryClient_USERS-WS/LAPTOP-Q1LA5JCJ:users-ws:0: registering service...
2024-07-12T08:10:53.019-03:00  INFO 66700 --- [users-ws] [DiscoveryClient-InstanceInfoReplicator-0] com.netflix.discovery.DiscoveryClient    : DiscoveryClient_USERS-WS/LAPTOP-Q1LA5JCJ:users-ws:0 - registration status: 204
2024-07-12T08:10:53.149-03:00  INFO 66700 --- [users-ws] [restartedMain] c.ricky.api.user.ApiUserApplicationKt    : Started ApiUserApplicationKt in 7.651 seconds (process running for 8.623)
2024-07-12T08:13:16.611-03:00  INFO 74312 --- [api-gateway] [SpringApplicationShutdownHook] o.s.c.n.e.s.EurekaServiceRegistry        : Unregistering application API-GATEWAY with eureka with status DOWN
2024-07-12T08:13:16.612-03:00  INFO 74312 --- [api-gateway] [SpringApplicationShutdownHook] com.netflix.discovery.DiscoveryClient    : Saw local status change event StatusChangeEvent [timestamp=1720782796612, current=DOWN, previous=UP]
2024-07-12T08:13:16.613-03:00  INFO 74312 --- [api-gateway] [DiscoveryClient-InstanceInfoReplicator-0] com.netflix.discovery.DiscoveryClient    : DiscoveryClient_API-GATEWAY/LAPTOP-Q1LA5JCJ:api-gateway:8082: registering service...
2024-07-12T08:13:16.634-03:00  INFO 74312 --- [api-gateway] [DiscoveryClient-InstanceInfoReplicator-0] com.netflix.discovery.DiscoveryClient    : DiscoveryClient_API-GATEWAY/LAPTOP-Q1LA5JCJ:api-gateway:8082 - registration status: 204
2024-07-12T08:13:16.798-03:00  INFO 74312 --- [api-gateway] [SpringApplicationShutdownHook] com.netflix.discovery.DiscoveryClient    : Shutting down DiscoveryClient ...
2024-07-12T08:13:19.817-03:00  INFO 74312 --- [api-gateway] [SpringApplicationShutdownHook] com.netflix.discovery.DiscoveryClient    : Unregistering ...
2024-07-12T08:13:19.836-03:00  INFO 74312 --- [api-gateway] [SpringApplicationShutdownHook] com.netflix.discovery.DiscoveryClient    : DiscoveryClient_API-GATEWAY/LAPTOP-Q1LA5JCJ:api-gateway:8082 - deregister  status: 200
2024-07-12T08:13:19.849-03:00  INFO 74312 --- [api-gateway] [SpringApplicationShutdownHook] com.netflix.discovery.DiscoveryClient    : Completed shut down of DiscoveryClient
2024-07-12T08:13:25.440-03:00  INFO 84192 --- [api-gateway] [main] c.r.api.gateway.ApiGatewayApplicationKt  : Starting ApiGatewayApplicationKt using Java 17.0.11 with PID 84192 (C:\code\programacao\java\microservices\microservices\ApiGateway\target\classes started by rlyow in C:\code\programacao\java\microservices\microservices)
2024-07-12T08:13:25.461-03:00  INFO 84192 --- [api-gateway] [main] c.r.api.gateway.ApiGatewayApplicationKt  : No active profile set, falling back to 1 default profile: "default"
2024-07-12T08:13:28.591-03:00  INFO 84192 --- [api-gateway] [main] o.s.cloud.context.scope.GenericScope     : BeanFactory id=8b270e3e-ba70-359d-852d-586d1f3f4e78
2024-07-12T08:13:28.772-03:00  WARN 84192 --- [api-gateway] [main] trationDelegate$BeanPostProcessorChecker : Bean 'org.springframework.cloud.client.loadbalancer.LoadBalancerAutoConfiguration$DeferringLoadBalancerInterceptorConfig' of type [org.springframework.cloud.client.loadbalancer.LoadBalancerAutoConfiguration$DeferringLoadBalancerInterceptorConfig] is not eligible for getting processed by all BeanPostProcessors (for example: not eligible for auto-proxying). The currently created BeanPostProcessor [lbRestClientPostProcessor] is declared through a non-static factory method on that class; consider declaring it as static instead.
2024-07-12T08:13:28.780-03:00  WARN 84192 --- [api-gateway] [main] trationDelegate$BeanPostProcessorChecker : Bean 'deferringLoadBalancerInterceptor' of type [org.springframework.cloud.client.loadbalancer.DeferringLoadBalancerInterceptor] is not eligible for getting processed by all BeanPostProcessors (for example: not eligible for auto-proxying). Is this bean getting eagerly injected into a currently created BeanPostProcessor [lbRestClientPostProcessor]? Check the corresponding BeanPostProcessor declaration and its dependencies.
2024-07-12T08:13:28.783-03:00  WARN 84192 --- [api-gateway] [main] trationDelegate$BeanPostProcessorChecker : Bean 'org.springframework.cloud.client.loadbalancer.reactive.LoadBalancerBeanPostProcessorAutoConfiguration' of type [org.springframework.cloud.client.loadbalancer.reactive.LoadBalancerBeanPostProcessorAutoConfiguration] is not eligible for getting processed by all BeanPostProcessors (for example: not eligible for auto-proxying). The currently created BeanPostProcessor [loadBalancerWebClientBuilderBeanPostProcessor] is declared through a non-static factory method on that class; consider declaring it as static instead.
2024-07-12T08:13:28.786-03:00  WARN 84192 --- [api-gateway] [main] trationDelegate$BeanPostProcessorChecker : Bean 'org.springframework.cloud.client.loadbalancer.reactive.LoadBalancerBeanPostProcessorAutoConfiguration$ReactorDeferringLoadBalancerFilterConfig' of type [org.springframework.cloud.client.loadbalancer.reactive.LoadBalancerBeanPostProcessorAutoConfiguration$ReactorDeferringLoadBalancerFilterConfig] is not eligible for getting processed by all BeanPostProcessors (for example: not eligible for auto-proxying). Is this bean getting eagerly injected into a currently created BeanPostProcessor [loadBalancerWebClientBuilderBeanPostProcessor]? Check the corresponding BeanPostProcessor declaration and its dependencies.
2024-07-12T08:13:28.789-03:00  WARN 84192 --- [api-gateway] [main] trationDelegate$BeanPostProcessorChecker : Bean 'reactorDeferringLoadBalancerExchangeFilterFunction' of type [org.springframework.cloud.client.loadbalancer.reactive.DeferringLoadBalancerExchangeFilterFunction] is not eligible for getting processed by all BeanPostProcessors (for example: not eligible for auto-proxying). Is this bean getting eagerly injected into a currently created BeanPostProcessor [loadBalancerWebClientBuilderBeanPostProcessor]? Check the corresponding BeanPostProcessor declaration and its dependencies.
2024-07-12T08:13:29.565-03:00  INFO 84192 --- [api-gateway] [main] o.s.b.w.embedded.tomcat.TomcatWebServer  : Tomcat initialized with port 8082 (http)
2024-07-12T08:13:29.619-03:00  INFO 84192 --- [api-gateway] [main] o.apache.catalina.core.StandardService   : Starting service [Tomcat]
2024-07-12T08:13:29.620-03:00  INFO 84192 --- [api-gateway] [main] o.apache.catalina.core.StandardEngine    : Starting Servlet engine: [Apache Tomcat/10.1.25]
2024-07-12T08:13:29.876-03:00  INFO 84192 --- [api-gateway] [main] o.a.c.c.C.[Tomcat].[localhost].[/]       : Initializing Spring embedded WebApplicationContext
2024-07-12T08:13:29.877-03:00  INFO 84192 --- [api-gateway] [main] w.s.c.ServletWebServerApplicationContext : Root WebApplicationContext: initialization completed in 4244 ms
2024-07-12T08:13:32.955-03:00  INFO 84192 --- [api-gateway] [main] DiscoveryClientOptionalArgsConfiguration : Eureka HTTP Client uses RestTemplate.
2024-07-12T08:13:33.780-03:00  WARN 84192 --- [api-gateway] [main] iguration$LoadBalancerCaffeineWarnLogger : Spring Cloud LoadBalancer is currently working with the default cache. While this cache implementation is useful for development and tests, it's recommended to use Caffeine cache in production.You can switch to using Caffeine cache, by adding it and org.springframework.cache.caffeine.CaffeineCacheManager to the classpath.
2024-07-12T08:13:33.994-03:00  INFO 84192 --- [api-gateway] [main] o.s.c.n.eureka.InstanceInfoFactory       : Setting initial instance status as: STARTING
2024-07-12T08:13:34.287-03:00  INFO 84192 --- [api-gateway] [main] com.netflix.discovery.DiscoveryClient    : Initializing Eureka in region us-east-1
2024-07-12T08:13:34.317-03:00  INFO 84192 --- [api-gateway] [main] c.n.d.s.r.aws.ConfigClusterResolver      : Resolving eureka endpoints via configuration
2024-07-12T08:13:34.414-03:00  INFO 84192 --- [api-gateway] [main] com.netflix.discovery.DiscoveryClient    : Disable delta property : false
2024-07-12T08:13:34.415-03:00  INFO 84192 --- [api-gateway] [main] com.netflix.discovery.DiscoveryClient    : Single vip registry refresh property : null
2024-07-12T08:13:34.415-03:00  INFO 84192 --- [api-gateway] [main] com.netflix.discovery.DiscoveryClient    : Force full registry fetch : false
2024-07-12T08:13:34.415-03:00  INFO 84192 --- [api-gateway] [main] com.netflix.discovery.DiscoveryClient    : Application is null : false
2024-07-12T08:13:34.415-03:00  INFO 84192 --- [api-gateway] [main] com.netflix.discovery.DiscoveryClient    : Registered Applications size is zero : true
2024-07-12T08:13:34.416-03:00  INFO 84192 --- [api-gateway] [main] com.netflix.discovery.DiscoveryClient    : Application version is -1: true
2024-07-12T08:13:34.416-03:00  INFO 84192 --- [api-gateway] [main] com.netflix.discovery.DiscoveryClient    : Getting all instance registry info from the eureka server
2024-07-12T08:13:35.289-03:00  INFO 84192 --- [api-gateway] [main] com.netflix.discovery.DiscoveryClient    : The response status is 200
2024-07-12T08:13:35.298-03:00  INFO 84192 --- [api-gateway] [main] com.netflix.discovery.DiscoveryClient    : Starting heartbeat executor: renew interval is: 30
2024-07-12T08:13:35.306-03:00  INFO 84192 --- [api-gateway] [main] c.n.discovery.InstanceInfoReplicator     : InstanceInfoReplicator onDemand update allowed rate per min is 4
2024-07-12T08:13:35.321-03:00  INFO 84192 --- [api-gateway] [main] com.netflix.discovery.DiscoveryClient    : Discovery Client initialized at timestamp 1720782815320 with initial instances count: 1
2024-07-12T08:13:35.326-03:00  INFO 84192 --- [api-gateway] [main] o.s.c.n.e.s.EurekaServiceRegistry        : Registering application API-GATEWAY with eureka with status UP
2024-07-12T08:13:35.328-03:00  INFO 84192 --- [api-gateway] [main] com.netflix.discovery.DiscoveryClient    : Saw local status change event StatusChangeEvent [timestamp=1720782815328, current=UP, previous=STARTING]
2024-07-12T08:13:35.334-03:00  INFO 84192 --- [api-gateway] [DiscoveryClient-InstanceInfoReplicator-0] com.netflix.discovery.DiscoveryClient    : DiscoveryClient_API-GATEWAY/LAPTOP-Q1LA5JCJ:api-gateway:8082: registering service...
2024-07-12T08:13:35.375-03:00  INFO 84192 --- [api-gateway] [main] o.s.b.w.embedded.tomcat.TomcatWebServer  : Tomcat started on port 8082 (http) with context path '/'
2024-07-12T08:13:35.380-03:00  INFO 84192 --- [api-gateway] [main] .s.c.n.e.s.EurekaAutoServiceRegistration : Updating port to 8082
2024-07-12T08:13:35.478-03:00  INFO 84192 --- [api-gateway] [DiscoveryClient-InstanceInfoReplicator-0] com.netflix.discovery.DiscoveryClient    : DiscoveryClient_API-GATEWAY/LAPTOP-Q1LA5JCJ:api-gateway:8082 - registration status: 204
2024-07-12T08:13:36.118-03:00  INFO 84192 --- [api-gateway] [main] c.r.api.gateway.ApiGatewayApplicationKt  : Started ApiGatewayApplicationKt in 12.099 seconds (process running for 13.046)
2024-07-12T08:15:52.150-03:00  INFO 66700 --- [users-ws] [AsyncResolver-bootstrap-executor-0] c.n.d.s.r.aws.ConfigClusterResolver      : Resolving eureka endpoints via configuration
2024-07-12T08:16:32.055-03:00  INFO 66700 --- [users-ws] [http-nio-auto-1-exec-1] o.a.c.c.C.[Tomcat].[localhost].[/]       : Initializing Spring DispatcherServlet 'dispatcherServlet'
2024-07-12T08:16:32.056-03:00  INFO 66700 --- [users-ws] [http-nio-auto-1-exec-1] o.s.web.servlet.DispatcherServlet        : Initializing Servlet 'dispatcherServlet'
2024-07-12T08:16:32.058-03:00  INFO 66700 --- [users-ws] [http-nio-auto-1-exec-1] o.s.web.servlet.DispatcherServlet        : Completed initialization in 2 ms
2024-07-12T08:16:55.792-03:00  INFO 84192 --- [api-gateway] [http-nio-8082-exec-1] o.a.c.c.C.[Tomcat].[localhost].[/]       : Initializing Spring DispatcherServlet 'dispatcherServlet'
2024-07-12T08:16:55.793-03:00  INFO 84192 --- [api-gateway] [http-nio-8082-exec-1] o.s.web.servlet.DispatcherServlet        : Initializing Servlet 'dispatcherServlet'
2024-07-12T08:16:55.796-03:00  INFO 84192 --- [api-gateway] [http-nio-8082-exec-1] o.s.web.servlet.DispatcherServlet        : Completed initialization in 3 ms
2024-07-12T08:17:11.061-03:00  INFO 84192 --- [api-gateway] [SpringApplicationShutdownHook] o.s.c.n.e.s.EurekaServiceRegistry        : Unregistering application API-GATEWAY with eureka with status DOWN
2024-07-12T08:17:11.061-03:00  INFO 84192 --- [api-gateway] [SpringApplicationShutdownHook] com.netflix.discovery.DiscoveryClient    : Saw local status change event StatusChangeEvent [timestamp=1720783031061, current=DOWN, previous=UP]
2024-07-12T08:17:11.061-03:00  INFO 84192 --- [api-gateway] [DiscoveryClient-InstanceInfoReplicator-0] com.netflix.discovery.DiscoveryClient    : DiscoveryClient_API-GATEWAY/LAPTOP-Q1LA5JCJ:api-gateway:8082: registering service...
2024-07-12T08:17:11.087-03:00  INFO 84192 --- [api-gateway] [DiscoveryClient-InstanceInfoReplicator-0] com.netflix.discovery.DiscoveryClient    : DiscoveryClient_API-GATEWAY/LAPTOP-Q1LA5JCJ:api-gateway:8082 - registration status: 204
2024-07-12T08:17:11.208-03:00  INFO 84192 --- [api-gateway] [SpringApplicationShutdownHook] com.netflix.discovery.DiscoveryClient    : Shutting down DiscoveryClient ...
2024-07-12T08:17:12.925-03:00  INFO 66700 --- [users-ws] [SpringApplicationShutdownHook] o.s.c.n.e.s.EurekaServiceRegistry        : Unregistering application USERS-WS with eureka with status DOWN
2024-07-12T08:17:12.926-03:00  INFO 66700 --- [users-ws] [SpringApplicationShutdownHook] com.netflix.discovery.DiscoveryClient    : Saw local status change event StatusChangeEvent [timestamp=1720783032926, current=DOWN, previous=UP]
2024-07-12T08:17:12.927-03:00  INFO 66700 --- [users-ws] [DiscoveryClient-InstanceInfoReplicator-0] com.netflix.discovery.DiscoveryClient    : DiscoveryClient_USERS-WS/LAPTOP-Q1LA5JCJ:users-ws:0: registering service...
2024-07-12T08:17:12.938-03:00  INFO 66700 --- [users-ws] [DiscoveryClient-InstanceInfoReplicator-0] com.netflix.discovery.DiscoveryClient    : DiscoveryClient_USERS-WS/LAPTOP-Q1LA5JCJ:users-ws:0 - registration status: 204
2024-07-12T08:17:13.043-03:00  INFO 66700 --- [users-ws] [SpringApplicationShutdownHook] com.netflix.discovery.DiscoveryClient    : Shutting down DiscoveryClient ...
2024-07-12T08:17:14.226-03:00  INFO 84192 --- [api-gateway] [SpringApplicationShutdownHook] com.netflix.discovery.DiscoveryClient    : Unregistering ...
2024-07-12T08:17:14.244-03:00  INFO 84192 --- [api-gateway] [SpringApplicationShutdownHook] com.netflix.discovery.DiscoveryClient    : DiscoveryClient_API-GATEWAY/LAPTOP-Q1LA5JCJ:api-gateway:8082 - deregister  status: 200
2024-07-12T08:17:14.252-03:00  INFO 84192 --- [api-gateway] [SpringApplicationShutdownHook] com.netflix.discovery.DiscoveryClient    : Completed shut down of DiscoveryClient
2024-07-12T08:17:16.060-03:00  INFO 66700 --- [users-ws] [SpringApplicationShutdownHook] com.netflix.discovery.DiscoveryClient    : Unregistering ...
2024-07-12T08:17:16.079-03:00  INFO 66700 --- [users-ws] [SpringApplicationShutdownHook] com.netflix.discovery.DiscoveryClient    : DiscoveryClient_USERS-WS/LAPTOP-Q1LA5JCJ:users-ws:0 - deregister  status: 200
2024-07-12T08:17:16.086-03:00  INFO 66700 --- [users-ws] [SpringApplicationShutdownHook] com.netflix.discovery.DiscoveryClient    : Completed shut down of DiscoveryClient
2024-07-12T08:17:24.188-03:00  INFO 79676 --- [api-gateway] [main] c.r.api.gateway.ApiGatewayApplicationKt  : Starting ApiGatewayApplicationKt using Java 17.0.11 with PID 79676 (C:\code\programacao\java\microservices\microservices\ApiGateway\target\classes started by rlyow in C:\code\programacao\java\microservices\microservices)
2024-07-12T08:17:24.196-03:00  INFO 79676 --- [api-gateway] [main] c.r.api.gateway.ApiGatewayApplicationKt  : No active profile set, falling back to 1 default profile: "default"
2024-07-12T08:17:26.572-03:00  INFO 79676 --- [api-gateway] [main] o.s.cloud.context.scope.GenericScope     : BeanFactory id=8b270e3e-ba70-359d-852d-586d1f3f4e78
2024-07-12T08:17:26.745-03:00  WARN 79676 --- [api-gateway] [main] trationDelegate$BeanPostProcessorChecker : Bean 'org.springframework.cloud.client.loadbalancer.LoadBalancerAutoConfiguration$DeferringLoadBalancerInterceptorConfig' of type [org.springframework.cloud.client.loadbalancer.LoadBalancerAutoConfiguration$DeferringLoadBalancerInterceptorConfig] is not eligible for getting processed by all BeanPostProcessors (for example: not eligible for auto-proxying). The currently created BeanPostProcessor [lbRestClientPostProcessor] is declared through a non-static factory method on that class; consider declaring it as static instead.
2024-07-12T08:17:26.751-03:00  WARN 79676 --- [api-gateway] [main] trationDelegate$BeanPostProcessorChecker : Bean 'deferringLoadBalancerInterceptor' of type [org.springframework.cloud.client.loadbalancer.DeferringLoadBalancerInterceptor] is not eligible for getting processed by all BeanPostProcessors (for example: not eligible for auto-proxying). Is this bean getting eagerly injected into a currently created BeanPostProcessor [lbRestClientPostProcessor]? Check the corresponding BeanPostProcessor declaration and its dependencies.
2024-07-12T08:17:26.755-03:00  WARN 79676 --- [api-gateway] [main] trationDelegate$BeanPostProcessorChecker : Bean 'org.springframework.cloud.client.loadbalancer.reactive.LoadBalancerBeanPostProcessorAutoConfiguration' of type [org.springframework.cloud.client.loadbalancer.reactive.LoadBalancerBeanPostProcessorAutoConfiguration] is not eligible for getting processed by all BeanPostProcessors (for example: not eligible for auto-proxying). The currently created BeanPostProcessor [loadBalancerWebClientBuilderBeanPostProcessor] is declared through a non-static factory method on that class; consider declaring it as static instead.
2024-07-12T08:17:26.756-03:00  WARN 79676 --- [api-gateway] [main] trationDelegate$BeanPostProcessorChecker : Bean 'org.springframework.cloud.client.loadbalancer.reactive.LoadBalancerBeanPostProcessorAutoConfiguration$ReactorDeferringLoadBalancerFilterConfig' of type [org.springframework.cloud.client.loadbalancer.reactive.LoadBalancerBeanPostProcessorAutoConfiguration$ReactorDeferringLoadBalancerFilterConfig] is not eligible for getting processed by all BeanPostProcessors (for example: not eligible for auto-proxying). Is this bean getting eagerly injected into a currently created BeanPostProcessor [loadBalancerWebClientBuilderBeanPostProcessor]? Check the corresponding BeanPostProcessor declaration and its dependencies.
2024-07-12T08:17:26.759-03:00  WARN 79676 --- [api-gateway] [main] trationDelegate$BeanPostProcessorChecker : Bean 'reactorDeferringLoadBalancerExchangeFilterFunction' of type [org.springframework.cloud.client.loadbalancer.reactive.DeferringLoadBalancerExchangeFilterFunction] is not eligible for getting processed by all BeanPostProcessors (for example: not eligible for auto-proxying). Is this bean getting eagerly injected into a currently created BeanPostProcessor [loadBalancerWebClientBuilderBeanPostProcessor]? Check the corresponding BeanPostProcessor declaration and its dependencies.
2024-07-12T08:17:27.409-03:00  INFO 79676 --- [api-gateway] [main] o.s.b.w.embedded.tomcat.TomcatWebServer  : Tomcat initialized with port 8082 (http)
2024-07-12T08:17:27.438-03:00  INFO 79676 --- [api-gateway] [main] o.apache.catalina.core.StandardService   : Starting service [Tomcat]
2024-07-12T08:17:27.439-03:00  INFO 79676 --- [api-gateway] [main] o.apache.catalina.core.StandardEngine    : Starting Servlet engine: [Apache Tomcat/10.1.25]
2024-07-12T08:17:27.641-03:00  INFO 79676 --- [api-gateway] [main] o.a.c.c.C.[Tomcat].[localhost].[/]       : Initializing Spring embedded WebApplicationContext
2024-07-12T08:17:27.641-03:00  INFO 79676 --- [api-gateway] [main] w.s.c.ServletWebServerApplicationContext : Root WebApplicationContext: initialization completed in 3278 ms
2024-07-12T08:17:29.773-03:00  INFO 79676 --- [api-gateway] [main] DiscoveryClientOptionalArgsConfiguration : Eureka HTTP Client uses RestTemplate.
2024-07-12T08:17:30.354-03:00  WARN 79676 --- [api-gateway] [main] iguration$LoadBalancerCaffeineWarnLogger : Spring Cloud LoadBalancer is currently working with the default cache. While this cache implementation is useful for development and tests, it's recommended to use Caffeine cache in production.You can switch to using Caffeine cache, by adding it and org.springframework.cache.caffeine.CaffeineCacheManager to the classpath.
2024-07-12T08:17:30.507-03:00  INFO 79676 --- [api-gateway] [main] o.s.c.n.eureka.InstanceInfoFactory       : Setting initial instance status as: STARTING
2024-07-12T08:17:30.668-03:00  INFO 79676 --- [api-gateway] [main] com.netflix.discovery.DiscoveryClient    : Initializing Eureka in region us-east-1
2024-07-12T08:17:30.677-03:00  INFO 79676 --- [api-gateway] [main] c.n.d.s.r.aws.ConfigClusterResolver      : Resolving eureka endpoints via configuration
2024-07-12T08:17:30.725-03:00  INFO 79676 --- [api-gateway] [main] com.netflix.discovery.DiscoveryClient    : Disable delta property : false
2024-07-12T08:17:30.726-03:00  INFO 79676 --- [api-gateway] [main] com.netflix.discovery.DiscoveryClient    : Single vip registry refresh property : null
2024-07-12T08:17:30.726-03:00  INFO 79676 --- [api-gateway] [main] com.netflix.discovery.DiscoveryClient    : Force full registry fetch : false
2024-07-12T08:17:30.726-03:00  INFO 79676 --- [api-gateway] [main] com.netflix.discovery.DiscoveryClient    : Application is null : false
2024-07-12T08:17:30.726-03:00  INFO 79676 --- [api-gateway] [main] com.netflix.discovery.DiscoveryClient    : Registered Applications size is zero : true
2024-07-12T08:17:30.726-03:00  INFO 79676 --- [api-gateway] [main] com.netflix.discovery.DiscoveryClient    : Application version is -1: true
2024-07-12T08:17:30.726-03:00  INFO 79676 --- [api-gateway] [main] com.netflix.discovery.DiscoveryClient    : Getting all instance registry info from the eureka server
2024-07-12T08:17:31.249-03:00  INFO 79676 --- [api-gateway] [main] com.netflix.discovery.DiscoveryClient    : The response status is 200
2024-07-12T08:17:31.251-03:00  INFO 79676 --- [api-gateway] [main] com.netflix.discovery.DiscoveryClient    : Starting heartbeat executor: renew interval is: 30
2024-07-12T08:17:31.256-03:00  INFO 79676 --- [api-gateway] [main] c.n.discovery.InstanceInfoReplicator     : InstanceInfoReplicator onDemand update allowed rate per min is 4
2024-07-12T08:17:31.264-03:00  INFO 79676 --- [api-gateway] [main] com.netflix.discovery.DiscoveryClient    : Discovery Client initialized at timestamp 1720783051263 with initial instances count: 0
2024-07-12T08:17:31.267-03:00  INFO 79676 --- [api-gateway] [main] o.s.c.n.e.s.EurekaServiceRegistry        : Registering application API-GATEWAY with eureka with status UP
2024-07-12T08:17:31.268-03:00  INFO 79676 --- [api-gateway] [main] com.netflix.discovery.DiscoveryClient    : Saw local status change event StatusChangeEvent [timestamp=1720783051268, current=UP, previous=STARTING]
2024-07-12T08:17:31.275-03:00  INFO 79676 --- [api-gateway] [DiscoveryClient-InstanceInfoReplicator-0] com.netflix.discovery.DiscoveryClient    : DiscoveryClient_API-GATEWAY/LAPTOP-Q1LA5JCJ:api-gateway:8082: registering service...
2024-07-12T08:17:31.302-03:00  INFO 79676 --- [api-gateway] [main] o.s.b.w.embedded.tomcat.TomcatWebServer  : Tomcat started on port 8082 (http) with context path '/'
2024-07-12T08:17:31.305-03:00  INFO 79676 --- [api-gateway] [main] .s.c.n.e.s.EurekaAutoServiceRegistration : Updating port to 8082
2024-07-12T08:17:31.355-03:00  INFO 79676 --- [api-gateway] [DiscoveryClient-InstanceInfoReplicator-0] com.netflix.discovery.DiscoveryClient    : DiscoveryClient_API-GATEWAY/LAPTOP-Q1LA5JCJ:api-gateway:8082 - registration status: 204
2024-07-12T08:17:31.629-03:00  INFO 79676 --- [api-gateway] [main] c.r.api.gateway.ApiGatewayApplicationKt  : Started ApiGatewayApplicationKt in 9.032 seconds (process running for 10.913)
2024-07-12T08:18:00.408-03:00  INFO 47880 --- [users-ws] [restartedMain] c.ricky.api.user.ApiUserApplicationKt    : Starting ApiUserApplicationKt using Java 17.0.11 with PID 47880 (C:\code\programacao\java\microservices\microservices\ApiUser\target\classes started by rlyow in C:\code\programacao\java\microservices\microservices)
2024-07-12T08:18:00.420-03:00  INFO 47880 --- [users-ws] [restartedMain] c.ricky.api.user.ApiUserApplicationKt    : No active profile set, falling back to 1 default profile: "default"
2024-07-12T08:18:00.583-03:00  INFO 47880 --- [users-ws] [restartedMain] .e.DevToolsPropertyDefaultsPostProcessor : Devtools property defaults active! Set 'spring.devtools.add-properties' to 'false' to disable
2024-07-12T08:18:00.584-03:00  INFO 47880 --- [users-ws] [restartedMain] .e.DevToolsPropertyDefaultsPostProcessor : For additional web related logging consider setting the 'logging.level.web' property to 'DEBUG'
2024-07-12T08:18:01.391-03:00  INFO 79676 --- [api-gateway] [DiscoveryClient-CacheRefreshExecutor-0] com.netflix.discovery.DiscoveryClient    : Disable delta property : false
2024-07-12T08:18:01.399-03:00  INFO 79676 --- [api-gateway] [DiscoveryClient-CacheRefreshExecutor-0] com.netflix.discovery.DiscoveryClient    : Single vip registry refresh property : null
2024-07-12T08:18:01.399-03:00  INFO 79676 --- [api-gateway] [DiscoveryClient-CacheRefreshExecutor-0] com.netflix.discovery.DiscoveryClient    : Force full registry fetch : false
2024-07-12T08:18:01.399-03:00  INFO 79676 --- [api-gateway] [DiscoveryClient-CacheRefreshExecutor-0] com.netflix.discovery.DiscoveryClient    : Application is null : false
2024-07-12T08:18:01.399-03:00  INFO 79676 --- [api-gateway] [DiscoveryClient-CacheRefreshExecutor-0] com.netflix.discovery.DiscoveryClient    : Registered Applications size is zero : true
2024-07-12T08:18:01.400-03:00  INFO 79676 --- [api-gateway] [DiscoveryClient-CacheRefreshExecutor-0] com.netflix.discovery.DiscoveryClient    : Application version is -1: false
2024-07-12T08:18:01.402-03:00  INFO 79676 --- [api-gateway] [DiscoveryClient-CacheRefreshExecutor-0] com.netflix.discovery.DiscoveryClient    : Getting all instance registry info from the eureka server
2024-07-12T08:18:01.551-03:00  INFO 79676 --- [api-gateway] [DiscoveryClient-CacheRefreshExecutor-0] com.netflix.discovery.DiscoveryClient    : The response status is 200
2024-07-12T08:18:02.996-03:00  INFO 47880 --- [users-ws] [restartedMain] o.s.cloud.context.scope.GenericScope     : BeanFactory id=3640045e-dcc7-32a3-8823-bc89c8ff035f
2024-07-12T08:18:03.098-03:00  WARN 47880 --- [users-ws] [restartedMain] trationDelegate$BeanPostProcessorChecker : Bean 'org.springframework.cloud.client.loadbalancer.LoadBalancerAutoConfiguration$DeferringLoadBalancerInterceptorConfig' of type [org.springframework.cloud.client.loadbalancer.LoadBalancerAutoConfiguration$DeferringLoadBalancerInterceptorConfig] is not eligible for getting processed by all BeanPostProcessors (for example: not eligible for auto-proxying). The currently created BeanPostProcessor [lbRestClientPostProcessor] is declared through a non-static factory method on that class; consider declaring it as static instead.
2024-07-12T08:18:03.113-03:00  WARN 47880 --- [users-ws] [restartedMain] trationDelegate$BeanPostProcessorChecker : Bean 'deferringLoadBalancerInterceptor' of type [org.springframework.cloud.client.loadbalancer.DeferringLoadBalancerInterceptor] is not eligible for getting processed by all BeanPostProcessors (for example: not eligible for auto-proxying). Is this bean getting eagerly injected into a currently created BeanPostProcessor [lbRestClientPostProcessor]? Check the corresponding BeanPostProcessor declaration and its dependencies.
2024-07-12T08:18:03.998-03:00  INFO 47880 --- [users-ws] [restartedMain] o.s.b.w.embedded.tomcat.TomcatWebServer  : Tomcat initialized with port 0 (http)
2024-07-12T08:18:04.027-03:00  INFO 47880 --- [users-ws] [restartedMain] o.apache.catalina.core.StandardService   : Starting service [Tomcat]
2024-07-12T08:18:04.027-03:00  INFO 47880 --- [users-ws] [restartedMain] o.apache.catalina.core.StandardEngine    : Starting Servlet engine: [Apache Tomcat/10.1.25]
2024-07-12T08:18:04.154-03:00  INFO 47880 --- [users-ws] [restartedMain] o.a.c.c.C.[Tomcat].[localhost].[/]       : Initializing Spring embedded WebApplicationContext
2024-07-12T08:18:04.154-03:00  INFO 47880 --- [users-ws] [restartedMain] w.s.c.ServletWebServerApplicationContext : Root WebApplicationContext: initialization completed in 3569 ms
2024-07-12T08:18:05.350-03:00  INFO 47880 --- [users-ws] [restartedMain] o.s.b.d.a.OptionalLiveReloadServer       : LiveReload server is running on port 35729
2024-07-12T08:18:05.861-03:00  INFO 47880 --- [users-ws] [restartedMain] DiscoveryClientOptionalArgsConfiguration : Eureka HTTP Client uses RestTemplate.
2024-07-12T08:18:05.946-03:00  WARN 47880 --- [users-ws] [restartedMain] iguration$LoadBalancerCaffeineWarnLogger : Spring Cloud LoadBalancer is currently working with the default cache. While this cache implementation is useful for development and tests, it's recommended to use Caffeine cache in production.You can switch to using Caffeine cache, by adding it and org.springframework.cache.caffeine.CaffeineCacheManager to the classpath.
2024-07-12T08:18:06.037-03:00  INFO 47880 --- [users-ws] [restartedMain] o.s.b.w.embedded.tomcat.TomcatWebServer  : Tomcat started on port 54188 (http) with context path '/'
2024-07-12T08:18:06.040-03:00  INFO 47880 --- [users-ws] [restartedMain] .s.c.n.e.s.EurekaAutoServiceRegistration : Updating port to 54188
2024-07-12T08:18:06.050-03:00  INFO 47880 --- [users-ws] [restartedMain] o.s.c.n.eureka.InstanceInfoFactory       : Setting initial instance status as: STARTING
2024-07-12T08:18:06.263-03:00  INFO 47880 --- [users-ws] [restartedMain] com.netflix.discovery.DiscoveryClient    : Initializing Eureka in region us-east-1
2024-07-12T08:18:06.281-03:00  INFO 47880 --- [users-ws] [restartedMain] c.n.d.s.r.aws.ConfigClusterResolver      : Resolving eureka endpoints via configuration
2024-07-12T08:18:06.346-03:00  INFO 47880 --- [users-ws] [restartedMain] com.netflix.discovery.DiscoveryClient    : Disable delta property : false
2024-07-12T08:18:06.346-03:00  INFO 47880 --- [users-ws] [restartedMain] com.netflix.discovery.DiscoveryClient    : Single vip registry refresh property : null
2024-07-12T08:18:06.346-03:00  INFO 47880 --- [users-ws] [restartedMain] com.netflix.discovery.DiscoveryClient    : Force full registry fetch : false
2024-07-12T08:18:06.347-03:00  INFO 47880 --- [users-ws] [restartedMain] com.netflix.discovery.DiscoveryClient    : Application is null : false
2024-07-12T08:18:06.347-03:00  INFO 47880 --- [users-ws] [restartedMain] com.netflix.discovery.DiscoveryClient    : Registered Applications size is zero : true
2024-07-12T08:18:06.347-03:00  INFO 47880 --- [users-ws] [restartedMain] com.netflix.discovery.DiscoveryClient    : Application version is -1: true
2024-07-12T08:18:06.347-03:00  INFO 47880 --- [users-ws] [restartedMain] com.netflix.discovery.DiscoveryClient    : Getting all instance registry info from the eureka server
2024-07-12T08:18:07.269-03:00  INFO 47880 --- [users-ws] [restartedMain] com.netflix.discovery.DiscoveryClient    : The response status is 200
2024-07-12T08:18:07.274-03:00  INFO 47880 --- [users-ws] [restartedMain] com.netflix.discovery.DiscoveryClient    : Starting heartbeat executor: renew interval is: 30
2024-07-12T08:18:07.279-03:00  INFO 47880 --- [users-ws] [restartedMain] c.n.discovery.InstanceInfoReplicator     : InstanceInfoReplicator onDemand update allowed rate per min is 4
2024-07-12T08:18:07.288-03:00  INFO 47880 --- [users-ws] [restartedMain] com.netflix.discovery.DiscoveryClient    : Discovery Client initialized at timestamp 1720783087287 with initial instances count: 1
2024-07-12T08:18:07.291-03:00  INFO 47880 --- [users-ws] [restartedMain] o.s.c.n.e.s.EurekaServiceRegistry        : Registering application USERS-WS with eureka with status UP
2024-07-12T08:18:07.293-03:00  INFO 47880 --- [users-ws] [restartedMain] com.netflix.discovery.DiscoveryClient    : Saw local status change event StatusChangeEvent [timestamp=1720783087293, current=UP, previous=STARTING]
2024-07-12T08:18:07.299-03:00  INFO 47880 --- [users-ws] [DiscoveryClient-InstanceInfoReplicator-0] com.netflix.discovery.DiscoveryClient    : DiscoveryClient_USERS-WS/LAPTOP-Q1LA5JCJ:users-ws:0: registering service...
2024-07-12T08:18:07.379-03:00  INFO 47880 --- [users-ws] [DiscoveryClient-InstanceInfoReplicator-0] com.netflix.discovery.DiscoveryClient    : DiscoveryClient_USERS-WS/LAPTOP-Q1LA5JCJ:users-ws:0 - registration status: 204
2024-07-12T08:18:07.493-03:00  INFO 47880 --- [users-ws] [restartedMain] c.ricky.api.user.ApiUserApplicationKt    : Started ApiUserApplicationKt in 8.588 seconds (process running for 9.887)
2024-07-12T08:19:32.907-03:00  INFO 47880 --- [users-ws] [http-nio-auto-1-exec-1] o.a.c.c.C.[Tomcat].[localhost].[/]       : Initializing Spring DispatcherServlet 'dispatcherServlet'
2024-07-12T08:19:32.908-03:00  INFO 47880 --- [users-ws] [http-nio-auto-1-exec-1] o.s.web.servlet.DispatcherServlet        : Initializing Servlet 'dispatcherServlet'
2024-07-12T08:19:32.911-03:00  INFO 47880 --- [users-ws] [http-nio-auto-1-exec-1] o.s.web.servlet.DispatcherServlet        : Completed initialization in 3 ms
2024-07-12T08:20:07.454-03:00  INFO 79676 --- [api-gateway] [http-nio-8082-exec-1] o.a.c.c.C.[Tomcat].[localhost].[/]       : Initializing Spring DispatcherServlet 'dispatcherServlet'
2024-07-12T08:20:07.454-03:00  INFO 79676 --- [api-gateway] [http-nio-8082-exec-1] o.s.web.servlet.DispatcherServlet        : Initializing Servlet 'dispatcherServlet'
2024-07-12T08:20:07.459-03:00  INFO 79676 --- [api-gateway] [http-nio-8082-exec-1] o.s.web.servlet.DispatcherServlet        : Completed initialization in 3 ms
2024-07-12T08:20:58.839-03:00  INFO 79676 --- [api-gateway] [SpringApplicationShutdownHook] o.s.c.n.e.s.EurekaServiceRegistry        : Unregistering application API-GATEWAY with eureka with status DOWN
2024-07-12T08:20:58.840-03:00  INFO 79676 --- [api-gateway] [SpringApplicationShutdownHook] com.netflix.discovery.DiscoveryClient    : Saw local status change event StatusChangeEvent [timestamp=1720783258840, current=DOWN, previous=UP]
2024-07-12T08:20:58.840-03:00  INFO 79676 --- [api-gateway] [DiscoveryClient-InstanceInfoReplicator-0] com.netflix.discovery.DiscoveryClient    : DiscoveryClient_API-GATEWAY/LAPTOP-Q1LA5JCJ:api-gateway:8082: registering service...
2024-07-12T08:20:58.868-03:00  INFO 79676 --- [api-gateway] [DiscoveryClient-InstanceInfoReplicator-0] com.netflix.discovery.DiscoveryClient    : DiscoveryClient_API-GATEWAY/LAPTOP-Q1LA5JCJ:api-gateway:8082 - registration status: 204
2024-07-12T08:20:58.993-03:00  INFO 79676 --- [api-gateway] [SpringApplicationShutdownHook] com.netflix.discovery.DiscoveryClient    : Shutting down DiscoveryClient ...
2024-07-12T08:21:01.997-03:00  WARN 79676 --- [api-gateway] [DiscoveryClient-0] c.netflix.discovery.TimedSupervisorTask  : task supervisor shutting down, can't accept the task
2024-07-12T08:21:01.999-03:00  INFO 79676 --- [api-gateway] [SpringApplicationShutdownHook] com.netflix.discovery.DiscoveryClient    : Unregistering ...
2024-07-12T08:21:02.007-03:00  INFO 79676 --- [api-gateway] [SpringApplicationShutdownHook] com.netflix.discovery.DiscoveryClient    : DiscoveryClient_API-GATEWAY/LAPTOP-Q1LA5JCJ:api-gateway:8082 - deregister  status: 200
2024-07-12T08:21:02.016-03:00  INFO 79676 --- [api-gateway] [SpringApplicationShutdownHook] com.netflix.discovery.DiscoveryClient    : Completed shut down of DiscoveryClient
2024-07-12T08:23:04.258-03:00  INFO 47880 --- [users-ws] [SpringApplicationShutdownHook] o.s.c.n.e.s.EurekaServiceRegistry        : Unregistering application USERS-WS with eureka with status DOWN
2024-07-12T08:23:04.259-03:00  INFO 47880 --- [users-ws] [SpringApplicationShutdownHook] com.netflix.discovery.DiscoveryClient    : Saw local status change event StatusChangeEvent [timestamp=1720783384259, current=DOWN, previous=UP]
2024-07-12T08:23:04.259-03:00  INFO 47880 --- [users-ws] [DiscoveryClient-InstanceInfoReplicator-0] com.netflix.discovery.DiscoveryClient    : DiscoveryClient_USERS-WS/LAPTOP-Q1LA5JCJ:users-ws:0: registering service...
2024-07-12T08:23:04.276-03:00  INFO 47880 --- [users-ws] [DiscoveryClient-InstanceInfoReplicator-0] com.netflix.discovery.DiscoveryClient    : DiscoveryClient_USERS-WS/LAPTOP-Q1LA5JCJ:users-ws:0 - registration status: 204
2024-07-12T08:23:04.382-03:00  INFO 47880 --- [users-ws] [SpringApplicationShutdownHook] com.netflix.discovery.DiscoveryClient    : Shutting down DiscoveryClient ...
2024-07-12T08:23:06.358-03:00  INFO 47880 --- [users-ws] [AsyncResolver-bootstrap-executor-0] c.n.d.s.r.aws.ConfigClusterResolver      : Resolving eureka endpoints via configuration
2024-07-12T08:23:07.392-03:00  INFO 47880 --- [users-ws] [SpringApplicationShutdownHook] com.netflix.discovery.DiscoveryClient    : Unregistering ...
2024-07-12T08:23:07.408-03:00  INFO 47880 --- [users-ws] [SpringApplicationShutdownHook] com.netflix.discovery.DiscoveryClient    : DiscoveryClient_USERS-WS/LAPTOP-Q1LA5JCJ:users-ws:0 - deregister  status: 200
2024-07-12T08:23:07.416-03:00  INFO 47880 --- [users-ws] [SpringApplicationShutdownHook] com.netflix.discovery.DiscoveryClient    : Completed shut down of DiscoveryClient
